[GIN-debug] [WARNING] Creating an Engine instance with the Logger and Recovery middleware already attached.

[GIN-debug] [WARNING] Running in "debug" mode. Switch to "release" mode in production.
 - using env:	export GIN_MODE=release
 - using code:	gin.SetMode(gin.ReleaseMode)

[GIN-debug] GET    /v1/users/                --> restapi-tugas/service.GetAllUser (6 handlers)
[GIN-debug] GET    /v1/users/:id             --> restapi-tugas/service.GetOneUser (6 handlers)
[GIN-debug] POST   /v1/users/register        --> restapi-tugas/service.PostUser (6 handlers)
[GIN-debug] POST   /v1/users/login           --> restapi-tugas/service.LoginUser (6 handlers)
[GIN-debug] PUT    /v1/users/update/:id      --> restapi-tugas/service.PutUser (6 handlers)
[GIN-debug] DELETE /v1/users/:id             --> restapi-tugas/service.DeleteUser (7 handlers)
[GIN-debug] GET    /v1/users/session         --> restapi-tugas/service.GetSession (7 handlers)
[GIN-debug] GET    /v1/users/logout          --> restapi-tugas/service.LogoutUser (7 handlers)
[GIN-debug] GET    /v1/Barang/               --> restapi-tugas/service.GetAllBarang (6 handlers)
[GIN-debug] GET    /v1/Barang/:id            --> restapi-tugas/service.GetOneBarang (6 handlers)
[GIN-debug] POST   /v1/Barang/input          --> restapi-tugas/service.PostBarang (6 handlers)
[GIN-debug] PUT    /v1/Barang/update/:id     --> restapi-tugas/service.PutBarang (6 handlers)
[GIN-debug] DELETE /v1/Barang/delete/:id     --> restapi-tugas/service.DeleteBarang (6 handlers)
[GIN-debug] GET    /v1/Gudangs/              --> restapi-tugas/service.GetAllGudang (6 handlers)
[GIN-debug] GET    /v1/Gudangs/:id           --> restapi-tugas/service.GetOneGudang (6 handlers)
[GIN-debug] POST   /v1/Gudangs/register      --> restapi-tugas/service.PostGudang (6 handlers)
[GIN-debug] PUT    /v1/Gudangs/update/:id    --> restapi-tugas/service.PutGudang (6 handlers)
[GIN-debug] PUT    /v1/Gudangs/delete/:GudangId --> restapi-tugas/service.DeleteGudang (6 handlers)
[GIN-debug] GET    /v1/Status/               --> restapi-tugas/service.GetAllStatus (6 handlers)
[GIN-debug] GET    /v1/Status/:id            --> restapi-tugas/service.GetOneStatus (6 handlers)
[GIN-debug] POST   /v1/Status/input          --> restapi-tugas/service.PostStatus (6 handlers)
[GIN-debug] PUT    /v1/Status/update/:id     --> restapi-tugas/service.PutStatus (6 handlers)
[GIN-debug] DELETE /v1/Status/delete/:id     --> restapi-tugas/service.DeleteStatus (6 handlers)
[GIN-debug] [WARNING] You trusted all proxies, this is NOT safe. We recommend you to set a value.
Please check https://pkg.go.dev/github.com/gin-gonic/gin#readme-don-t-trust-all-proxies for details.
[GIN-debug] Listening and serving HTTP on :8000
